Unity Editor version:    2021.3.16f1 (4016570cf34f)
Branch:                  2021.3/staging
Build type:              Release
Batch mode:              YES
System name:             Linux
Distro version:          #1 SMP Fri Apr 2 22:23:49 UTC 2021
Kernel version:          5.10.16.3-microsoft-standard-WSL2
Architecture:            x86_64
Available memory:        5941 MB
UnityConnectLoginRequest: Failed to login - please check your username or password
No sufficient permissions while processing request "https://core.cloud.unity3d.com/api/login", HTTP error code 401
.[LicensingClient] Channel doesn't exist: "LicenseClient-root"
[Licensing::Module] Successfully launched the LicensingClient (PId: 62)
[SignatureVerifier] Application signature verification not supported on this platform.
[LicensingClient] Handshaking with LicensingClient (version: 1.9.0+249add7)
[Licensing::Module] Successfully connected to LicensingClient on channel: "LicenseClient-root" (connect: 1.27s, validation: 0.18s, handshake: 0.00s)
[Licensing::Module] Connected to LicensingClient (PId: 62, launch time: 0.00, total connection time: 1.46s)
Entitlement-based licensing initiated
[Licensing::Module] Error: Access token is unavailable
[Licensing::Module] Error: Failed to activate entitlement license
Cancelling DisplayDialog: Failed to activate/update license Timeout occured while trying to update license. Please try again later or contact support@unity3d.com
This should not be called in batch mode.
Checking for leaked weakptr:
  Found no leaked weakptrs.
Memory Statistics:
[ALLOC_TEMP_TLS] TLS Allocator
  StackAllocators : 
    [ALLOC_TEMP_CurlRequest]
      Initial Block Size 64.0 KB
      Current Block Size 64.0 KB
      Peak Allocated Bytes 0 B
      Overflow Count 0
    [ALLOC_TEMP_CoreBusinessMetricsCache]
      Initial Block Size 64.0 KB
      Current Block Size 64.0 KB
      Peak Allocated Bytes 0 B
      Overflow Count 0
    [ALLOC_TEMP_Profiler.Dispatcher]
      Initial Block Size 64.0 KB
      Current Block Size 64.0 KB
      Peak Allocated Bytes 0 B
      Overflow Count 0
    [ALLOC_TEMP_AssetGarbageCollectorHelper] x 2
      Initial Block Size 64.0 KB
      Current Block Size 64.0 KB
      Peak Allocated Bytes 0 B
      Overflow Count 0
[ALLOC_MEMORYPROFILER]
  Requested Block Size 1.0 MB
  Peak Block count 1
  Peak Allocated memory 4.0 KB
  Peak Large allocation bytes 0 B
##utp:{"type":"MemoryLeaks","version":2,"phase":"Immediate","time":1674477246209,"processId":55,"allocatedMemory":85848,"memoryLabels":[{"Default":226},{"Thread":64},{"Manager":6810},{"Serialization":40},{"BaseObject":12216},{"String":5361},{"DynamicArray":432},{"HashMap":3668},{"Utility":1024},{"Curl":1112},{"PoolAlloc":120},{"GI":3248},{"VR":80},{"RestService":1022},{"License":288},{"UnityConnect":29688},{"Collab":25},{"LocalIPC":99},{"ProfilerEditor":20021},{"Licensing":304}]}
